::1 - - [24/Sep/2019:10:18:53 +0100] "GET / HTTP/1.1" 200 80165
::1 - - [24/Sep/2019:10:18:54 +0100] "GET /images/header.png HTTP/1.1" 200 7766
::1 - - [24/Sep/2019:10:18:54 +0100] "GET /index.php?=PHPE9568F34-D428-11d2-A769-00AA001ACF42 HTTP/1.1" 200 2524
::1 - - [24/Sep/2019:10:18:54 +0100] "GET /style.css HTTP/1.1" 200 3041
::1 - - [24/Sep/2019:10:18:54 +0100] "GET /index.php?=PHPE9568F35-D428-11d2-A769-00AA001ACF42 HTTP/1.1" 200 2146
::1 - - [24/Sep/2019:10:18:54 +0100] "GET /images/background.jpg HTTP/1.1" 200 12386
::1 - - [24/Sep/2019:10:18:54 +0100] "GET /images/menuleft.jpg HTTP/1.1" 200 11236
::1 - - [24/Sep/2019:10:18:54 +0100] "GET /images/topcontent.jpg HTTP/1.1" 200 11578
::1 - - [24/Sep/2019:10:18:54 +0100] "GET /images/content.jpg HTTP/1.1" 200 11916
::1 - - [24/Sep/2019:10:18:54 +0100] "GET /images/banner.jpg HTTP/1.1" 200 38149
::1 - - [24/Sep/2019:10:18:54 +0100] "GET /images/menu.jpg HTTP/1.1" 200 11219
::1 - - [24/Sep/2019:10:18:54 +0100] "GET /images/menuright.jpg HTTP/1.1" 200 11239
::1 - - [24/Sep/2019:13:35:05 +0100] "GET / HTTP/1.1" 200 80165
::1 - - [24/Sep/2019:13:35:05 +0100] "GET /index.php?=PHPE9568F34-D428-11d2-A769-00AA001ACF42 HTTP/1.1" 200 2524
::1 - - [24/Sep/2019:13:35:05 +0100] "GET /images/header.png HTTP/1.1" 200 7766
::1 - - [24/Sep/2019:13:35:05 +0100] "GET /index.php?=PHPE9568F35-D428-11d2-A769-00AA001ACF42 HTTP/1.1" 200 2146
::1 - - [24/Sep/2019:14:43:02 +0100] "GET / HTTP/1.1" 200 80164
::1 - - [24/Sep/2019:14:43:02 +0100] "GET /style.css HTTP/1.1" 200 3041
::1 - - [24/Sep/2019:14:43:02 +0100] "GET /images/header.png HTTP/1.1" 304 -
::1 - - [24/Sep/2019:14:43:02 +0100] "GET /index.php?=PHPE9568F35-D428-11d2-A769-00AA001ACF42 HTTP/1.1" 200 2146
::1 - - [24/Sep/2019:14:43:02 +0100] "GET /index.php?=PHPE9568F34-D428-11d2-A769-00AA001ACF42 HTTP/1.1" 200 2524
::1 - - [24/Sep/2019:14:43:02 +0100] "GET /images/background.jpg HTTP/1.1" 200 12386
::1 - - [24/Sep/2019:14:43:03 +0100] "GET /images/menuleft.jpg HTTP/1.1" 200 11236
::1 - - [24/Sep/2019:14:43:03 +0100] "GET /images/menuright.jpg HTTP/1.1" 200 11239
::1 - - [24/Sep/2019:14:43:03 +0100] "GET /images/topcontent.jpg HTTP/1.1" 200 11578
::1 - - [24/Sep/2019:14:43:03 +0100] "GET /images/content.jpg HTTP/1.1" 200 11916
::1 - - [24/Sep/2019:14:43:03 +0100] "GET /images/banner.jpg HTTP/1.1" 200 38149
::1 - - [24/Sep/2019:14:43:03 +0100] "GET /images/menu.jpg HTTP/1.1" 200 11219
